2025-09-07 13:12:18,236 - INFO - Loaded student mapping: 20 students
2025-09-07 13:12:18,264 - INFO - Loaded face recognizer model from data/models/face_recognizer.yml
2025-09-07 13:12:18,264 - INFO - Starting face recognition for Morning session
2025-09-07 13:12:18,390 - ERROR - Failed to open camera
2025-09-07 13:13:51,316 - INFO - Loaded student mapping: 20 students
2025-09-07 13:13:51,341 - INFO - Loaded face recognizer model from data/models/face_recognizer.yml
2025-09-07 13:13:51,341 - INFO - Starting face recognition for Morning session
2025-09-07 13:13:52,098 - INFO - Camera opened successfully
2025-09-07 13:13:52,281 - WARNING - Student Student_1 not found in database
2025-09-07 13:13:52,414 - WARNING - Student Student_1 not found in database
2025-09-07 13:13:52,547 - WARNING - Student Student_1 not found in database
2025-09-07 13:13:52,614 - WARNING - Student Student_1 not found in database
2025-09-07 13:13:52,748 - WARNING - Student Student_1 not found in database
2025-09-07 13:13:53,015 - WARNING - Student Student_1 not found in database
2025-09-07 13:13:53,152 - WARNING - Student Student_1 not found in database
2025-09-07 13:13:53,217 - WARNING - Student Student_1 not found in database
2025-09-07 13:13:53,281 - WARNING - Student Student_1 not found in database
2025-09-07 13:13:53,351 - WARNING - Student Student_1 not found in database
2025-09-07 13:13:53,417 - WARNING - Student Student_1 not found in database
2025-09-07 13:13:53,483 - WARNING - Student Student_1 not found in database
2025-09-07 13:13:53,551 - WARNING - Student Student_1 not found in database
2025-09-07 13:13:53,618 - WARNING - Student Student_1 not found in database
2025-09-07 13:13:53,687 - WARNING - Student Student_1 not found in database
2025-09-07 13:13:53,754 - WARNING - Student Student_1 not found in database
2025-09-07 13:13:53,821 - WARNING - Student Student_1 not found in database
2025-09-07 13:13:53,886 - WARNING - Student Student_1 not found in database
2025-09-07 13:13:53,954 - WARNING - Student Student_1 not found in database
2025-09-07 13:13:54,021 - WARNING - Student Student_1 not found in database
2025-09-07 13:13:54,086 - WARNING - Student Student_1 not found in database
2025-09-07 13:13:54,487 - WARNING - Student Student_1 not found in database
2025-09-07 13:13:54,622 - WARNING - Student Student_1 not found in database
2025-09-07 13:13:54,820 - WARNING - Student Student_1 not found in database
2025-09-07 13:13:54,887 - WARNING - Student Student_1 not found in database
2025-09-07 13:13:54,955 - WARNING - Student Student_1 not found in database
2025-09-07 13:13:55,021 - WARNING - Student Student_1 not found in database
2025-09-07 13:13:55,088 - WARNING - Student Student_1 not found in database
2025-09-07 13:13:56,488 - WARNING - Student Student_1 not found in database
2025-09-07 13:13:58,550 - WARNING - Student Student_1 not found in database
2025-09-07 13:13:58,615 - WARNING - Student Student_1 not found in database
2025-09-07 13:13:58,681 - WARNING - Student Student_1 not found in database
2025-09-07 13:14:00,023 - WARNING - Student Student_1 not found in database
2025-09-07 13:14:00,348 - WARNING - Student Student_1 not found in database
2025-09-07 13:14:00,482 - WARNING - Student Student_1 not found in database
2025-09-07 13:14:00,688 - WARNING - Student Student_1 not found in database
2025-09-07 13:14:00,957 - WARNING - Student Student_1 not found in database
2025-09-07 13:14:01,089 - WARNING - Student Student_1 not found in database
2025-09-07 13:14:01,223 - WARNING - Student Student_1 not found in database
2025-09-07 13:14:01,351 - WARNING - Student Student_1 not found in database
2025-09-07 13:14:01,552 - WARNING - Student Student_1 not found in database
2025-09-07 13:14:04,489 - WARNING - Student Student_1 not found in database
2025-09-07 13:14:04,623 - WARNING - Student Student_1 not found in database
2025-09-07 13:14:04,703 - WARNING - Student Student_1 not found in database
2025-09-07 13:14:04,752 - WARNING - Student Student_1 not found in database
2025-09-07 13:14:04,971 - WARNING - Student Student_1 not found in database
2025-09-07 13:14:05,425 - WARNING - Student Student_1 not found in database
2025-09-07 13:14:05,489 - WARNING - Student Student_1 not found in database
2025-09-07 13:14:05,558 - WARNING - Student Student_1 not found in database
2025-09-07 13:14:05,623 - WARNING - Student Student_1 not found in database
2025-09-07 13:14:05,756 - WARNING - Student Student_1 not found in database
2025-09-07 13:14:05,824 - WARNING - Student Student_1 not found in database
2025-09-07 13:14:05,888 - WARNING - Student Student_1 not found in database
2025-09-07 13:14:05,957 - WARNING - Student Student_1 not found in database
2025-09-07 13:14:06,018 - WARNING - Student Student_1 not found in database
2025-09-07 13:14:06,088 - WARNING - Student Student_1 not found in database
2025-09-07 13:14:06,156 - WARNING - Student Student_1 not found in database
2025-09-07 13:14:06,354 - WARNING - Student Student_1 not found in database
2025-09-07 13:14:06,423 - WARNING - Student Student_1 not found in database
2025-09-07 13:14:06,620 - WARNING - Student Student_1 not found in database
2025-09-07 13:14:06,689 - WARNING - Student Student_1 not found in database
2025-09-07 13:14:06,758 - WARNING - Student Student_1 not found in database
2025-09-07 13:14:06,822 - WARNING - Student Student_1 not found in database
2025-09-07 13:14:06,888 - WARNING - Student Student_1 not found in database
2025-09-07 13:14:06,956 - WARNING - Student Student_1 not found in database
2025-09-07 13:14:07,021 - WARNING - Student Student_1 not found in database
2025-09-07 13:14:07,088 - WARNING - Student Student_1 not found in database
2025-09-07 13:14:07,154 - WARNING - Student Student_1 not found in database
2025-09-07 13:14:07,221 - WARNING - Student Student_1 not found in database
2025-09-07 13:14:07,287 - WARNING - Student Student_1 not found in database
2025-09-07 13:14:07,356 - WARNING - Student Student_1 not found in database
2025-09-07 13:14:07,423 - WARNING - Student Student_1 not found in database
2025-09-07 13:14:07,490 - WARNING - Student Student_1 not found in database
2025-09-07 13:14:07,551 - WARNING - Student Student_1 not found in database
2025-09-07 13:14:07,616 - WARNING - Student Student_1 not found in database
2025-09-07 13:14:07,686 - WARNING - Student Student_1 not found in database
2025-09-07 13:14:07,757 - WARNING - Student Student_1 not found in database
2025-09-07 13:14:07,824 - WARNING - Student Student_1 not found in database
2025-09-07 13:14:07,888 - WARNING - Student Student_1 not found in database
2025-09-07 13:14:07,957 - WARNING - Student Student_1 not found in database
2025-09-07 13:14:08,022 - WARNING - Student Student_1 not found in database
2025-09-07 13:14:08,087 - WARNING - Student Student_1 not found in database
2025-09-07 13:14:08,156 - WARNING - Student Student_1 not found in database
2025-09-07 13:14:08,222 - WARNING - Student Student_1 not found in database
2025-09-07 13:14:08,286 - WARNING - Student Student_1 not found in database
2025-09-07 13:14:08,355 - WARNING - Student Student_1 not found in database
2025-09-07 13:14:08,487 - WARNING - Student Student_1 not found in database
2025-09-07 13:14:08,622 - WARNING - Student Student_1 not found in database
2025-09-07 13:14:08,687 - WARNING - Student Student_1 not found in database
2025-09-07 13:14:08,757 - WARNING - Student Student_1 not found in database
2025-09-07 13:14:08,822 - WARNING - Student Student_1 not found in database
2025-09-07 13:14:08,957 - WARNING - Student Student_1 not found in database
2025-09-07 13:14:09,023 - WARNING - Student Student_1 not found in database
2025-09-07 13:14:09,087 - WARNING - Student Student_1 not found in database
2025-09-07 13:14:09,156 - WARNING - Student Student_1 not found in database
2025-09-07 13:14:09,354 - WARNING - Student Student_1 not found in database
2025-09-07 13:14:09,422 - WARNING - Student Student_1 not found in database
2025-09-07 13:14:09,489 - WARNING - Student Student_1 not found in database
2025-09-07 13:14:09,556 - WARNING - Student Student_1 not found in database
2025-09-07 13:14:09,625 - WARNING - Student Student_1 not found in database
2025-09-07 13:14:09,687 - WARNING - Student Student_1 not found in database
2025-09-07 13:14:09,755 - WARNING - Student Student_1 not found in database
2025-09-07 13:14:09,821 - WARNING - Student Student_1 not found in database
2025-09-07 13:14:09,887 - WARNING - Student Student_1 not found in database
2025-09-07 13:14:09,955 - WARNING - Student Student_1 not found in database
2025-09-07 13:14:10,021 - WARNING - Student Student_1 not found in database
2025-09-07 13:14:10,088 - WARNING - Student Student_1 not found in database
2025-09-07 13:14:10,157 - WARNING - Student Student_1 not found in database
2025-09-07 13:14:10,222 - WARNING - Student Student_1 not found in database
2025-09-07 13:14:10,360 - WARNING - Student Student_1 not found in database
2025-09-07 13:14:11,155 - WARNING - Student Student_1 not found in database
2025-09-07 13:14:12,224 - WARNING - Student Student_1 not found in database
2025-09-07 13:14:12,758 - WARNING - Student Student_1 not found in database
2025-09-07 13:14:12,884 - WARNING - Student Student_1 not found in database
2025-09-07 13:14:12,952 - WARNING - Student Student_1 not found in database
2025-09-07 13:14:13,019 - WARNING - Student Student_1 not found in database
2025-09-07 13:14:13,087 - WARNING - Student Student_1 not found in database
2025-09-07 13:14:13,288 - WARNING - Student Student_1 not found in database
2025-09-07 13:14:13,357 - WARNING - Student Student_1 not found in database
2025-09-07 13:14:13,763 - WARNING - Student Student_1 not found in database
2025-09-07 13:14:13,954 - WARNING - Student Student_1 not found in database
2025-09-07 13:14:14,022 - WARNING - Student Student_1 not found in database
2025-09-07 13:14:14,489 - WARNING - Student Student_1 not found in database
2025-09-07 13:14:15,560 - WARNING - Student Student_1 not found in database
2025-09-07 13:14:15,625 - WARNING - Student Student_1 not found in database
2025-09-07 13:14:15,688 - WARNING - Student Student_1 not found in database
2025-09-07 13:14:15,757 - WARNING - Student Student_1 not found in database
2025-09-07 13:14:15,822 - WARNING - Student Student_1 not found in database
2025-09-07 13:14:15,889 - WARNING - Student Student_1 not found in database
2025-09-07 13:14:15,960 - WARNING - Student Student_1 not found in database
2025-09-07 13:14:16,026 - WARNING - Student Student_1 not found in database
2025-09-07 13:14:16,091 - WARNING - Student Student_1 not found in database
2025-09-07 13:14:16,160 - WARNING - Student Student_1 not found in database
2025-09-07 13:14:16,224 - WARNING - Student Student_1 not found in database
2025-09-07 13:14:16,284 - WARNING - Student Student_1 not found in database
2025-09-07 13:14:16,355 - WARNING - Student Student_1 not found in database
2025-09-07 13:14:16,422 - WARNING - Student Student_1 not found in database
2025-09-07 13:14:16,490 - WARNING - Student Student_1 not found in database
2025-09-07 13:14:16,559 - WARNING - Student Student_1 not found in database
2025-09-07 13:14:16,625 - WARNING - Student Student_1 not found in database
2025-09-07 13:14:16,691 - WARNING - Student Student_1 not found in database
2025-09-07 13:14:16,760 - WARNING - Student Student_1 not found in database
2025-09-07 13:14:16,825 - WARNING - Student Student_1 not found in database
2025-09-07 13:14:16,891 - WARNING - Student Student_1 not found in database
2025-09-07 13:14:17,092 - WARNING - Student Student_1 not found in database
2025-09-07 13:14:17,160 - WARNING - Student Student_1 not found in database
2025-09-07 13:14:17,226 - WARNING - Student Student_1 not found in database
2025-09-07 13:14:17,287 - WARNING - Student Student_1 not found in database
2025-09-07 13:14:17,358 - WARNING - Student Student_1 not found in database
2025-09-07 13:14:17,625 - WARNING - Student Student_1 not found in database
2025-09-07 13:14:17,690 - WARNING - Student Student_1 not found in database
2025-09-07 13:14:18,092 - WARNING - Student Student_1 not found in database
2025-09-07 13:14:18,226 - WARNING - Student Student_1 not found in database
2025-09-07 13:14:18,291 - WARNING - Student Student_1 not found in database
2025-09-07 13:14:18,354 - WARNING - Student Student_1 not found in database
2025-09-07 13:14:18,426 - WARNING - Student Student_1 not found in database
2025-09-07 13:14:18,488 - WARNING - Student Student_1 not found in database
2025-09-07 13:14:18,558 - WARNING - Student Student_1 not found in database
2025-09-07 13:14:18,623 - WARNING - Student Student_1 not found in database
2025-09-07 13:14:18,701 - WARNING - Student Student_1 not found in database
2025-09-07 13:14:18,756 - WARNING - Student Student_1 not found in database
2025-09-07 13:14:18,818 - WARNING - Student Student_1 not found in database
2025-09-07 13:14:18,888 - WARNING - Student Student_1 not found in database
2025-09-07 13:14:18,957 - WARNING - Student Student_1 not found in database
2025-09-07 13:14:19,022 - WARNING - Student Student_1 not found in database
2025-09-07 13:14:19,089 - WARNING - Student Student_1 not found in database
2025-09-07 13:14:19,158 - WARNING - Student Student_1 not found in database
2025-09-07 13:14:19,225 - WARNING - Student Student_1 not found in database
2025-09-07 13:14:19,289 - WARNING - Student Student_1 not found in database
2025-09-07 13:14:19,358 - WARNING - Student Student_1 not found in database
2025-09-07 13:14:19,425 - WARNING - Student Student_1 not found in database
2025-09-07 13:14:19,491 - WARNING - Student Student_1 not found in database
2025-09-07 13:14:19,888 - WARNING - Student Student_1 not found in database
2025-09-07 13:14:19,960 - WARNING - Student Student_1 not found in database
2025-09-07 13:14:20,025 - WARNING - Student Student_1 not found in database
2025-09-07 13:14:20,760 - WARNING - Student Student_1 not found in database
2025-09-07 13:14:21,156 - WARNING - Student Student_1 not found in database
2025-09-07 13:14:21,519 - WARNING - Student Student_1 not found in database
2025-09-07 13:14:21,586 - WARNING - Student Student_1 not found in database
2025-09-07 13:14:21,656 - WARNING - Student Student_1 not found in database
2025-09-07 13:14:21,992 - WARNING - Student Student_1 not found in database
2025-09-07 13:14:22,323 - WARNING - Student Student_1 not found in database
2025-09-07 13:14:23,191 - WARNING - Student Student_1 not found in database
2025-09-07 13:14:23,590 - WARNING - Student Student_1 not found in database
2025-09-07 13:14:23,790 - WARNING - Student Student_1 not found in database
2025-09-07 13:14:23,858 - WARNING - Student Student_1 not found in database
2025-09-07 13:14:23,990 - WARNING - Student Student_1 not found in database
2025-09-07 13:14:24,323 - WARNING - Student Student_1 not found in database
2025-09-07 13:14:24,390 - WARNING - Student Student_1 not found in database
2025-09-07 13:14:24,524 - WARNING - Student Student_1 not found in database
2025-09-07 13:14:24,590 - WARNING - Student Student_1 not found in database
2025-09-07 13:14:24,655 - WARNING - Student Student_1 not found in database
2025-09-07 13:14:24,790 - WARNING - Student Student_1 not found in database
2025-09-07 13:14:24,857 - WARNING - Student Student_1 not found in database
2025-09-07 13:14:24,923 - WARNING - Student Student_1 not found in database
2025-09-07 13:14:24,990 - WARNING - Student Student_1 not found in database
2025-09-07 13:14:25,057 - WARNING - Student Student_1 not found in database
2025-09-07 13:14:25,125 - WARNING - Student Student_1 not found in database
2025-09-07 13:14:25,191 - WARNING - Student Student_1 not found in database
2025-09-07 13:14:25,257 - WARNING - Student Student_1 not found in database
2025-09-07 13:14:25,323 - WARNING - Student Student_1 not found in database
2025-09-07 13:14:25,457 - WARNING - Student Student_1 not found in database
2025-09-07 13:14:25,524 - WARNING - Student Student_1 not found in database
2025-09-07 13:14:25,590 - WARNING - Student Student_1 not found in database
2025-09-07 13:14:25,656 - WARNING - Student Student_1 not found in database
2025-09-07 13:14:25,790 - WARNING - Student Student_1 not found in database
2025-09-07 13:14:25,857 - WARNING - Student Student_1 not found in database
2025-09-07 13:14:25,990 - WARNING - Student Student_1 not found in database
2025-09-07 13:14:26,057 - WARNING - Student Student_1 not found in database
2025-09-07 13:14:26,123 - WARNING - Student Student_1 not found in database
2025-09-07 13:14:26,190 - WARNING - Student Student_1 not found in database
2025-09-07 13:14:26,256 - WARNING - Student Student_1 not found in database
2025-09-07 13:14:26,323 - WARNING - Student Student_1 not found in database
2025-09-07 13:14:26,391 - WARNING - Student Student_1 not found in database
2025-09-07 13:14:26,458 - WARNING - Student Student_1 not found in database
2025-09-07 13:14:26,524 - WARNING - Student Student_1 not found in database
2025-09-07 13:14:26,590 - WARNING - Student Student_1 not found in database
2025-09-07 13:14:26,657 - WARNING - Student Student_1 not found in database
2025-09-07 13:14:26,790 - WARNING - Student Student_1 not found in database
2025-09-07 13:14:27,057 - WARNING - Student Student_1 not found in database
2025-09-07 13:14:27,122 - WARNING - Student Student_1 not found in database
2025-09-07 13:14:27,924 - WARNING - Student Student_1 not found in database
2025-09-07 13:14:27,991 - WARNING - Student Student_1 not found in database
2025-09-07 13:14:28,191 - WARNING - Student Student_1 not found in database
2025-09-07 13:14:28,256 - WARNING - Student Student_1 not found in database
2025-09-07 13:14:28,858 - WARNING - Student Student_1 not found in database
2025-09-07 13:14:30,391 - WARNING - Student Student_1 not found in database
2025-09-07 13:14:31,718 - WARNING - Student Student_1 not found in database
2025-09-07 13:14:32,127 - WARNING - Student Student_1 not found in database
2025-09-07 13:14:32,460 - WARNING - Student Student_1 not found in database
2025-09-07 13:14:32,535 - INFO - Face recognition stopped by user
2025-09-07 13:14:32,581 - INFO - Face recognition session ended. Recognized 0 students
